<?xml version="1.0" encoding="UTF-8"?>
<!-- Generated by org.testng.reporters.JUnitXMLReporter -->
<testsuite hostname="HMECL-FS73VL3" failures="0" tests="3" name="Default test" time="50.673" errors="0" timestamp="27 Mar 2025 09:08:07 GMT">
  <testcase classname="nagarjunPractice.tests.ProdCheckout" name="checkoutProd" time="21.805"/>
  <testcase classname="nagarjunPractice.tests.ProdCheckout" name="checkoutProd" time="15.295"/>
  <testcase classname="nagarjunPractice.tests.ProdCheckout" name="OrderHistoryTest" time="3.425"/>
</testsuite> <!-- Default test -->
