<?xml version="1.0" encoding="UTF-8"?>
<!-- Generated by org.testng.reporters.JUnitXMLReporter -->
<testsuite hostname="HMECL-FS73VL3" failures="0" tests="3" name="CheckOut Submit Tests" time="60.548" errors="0" timestamp="24 Mar 2025 10:17:28 GMT">
  <testcase classname="nagarjunPractice.tests.ProdCheckout" name="checkoutProd" time="22.545"/>
  <testcase classname="nagarjunPractice.tests.ProdCheckout" name="checkoutProd" time="21.904"/>
  <testcase classname="nagarjunPractice.tests.ProdCheckout" name="OrderHistoryTest" time="3.707"/>
</testsuite> <!-- CheckOut Submit Tests -->
