<?xml version="1.0" encoding="UTF-8"?>
<!-- Generated by org.testng.reporters.JUnitXMLReporter -->
<testsuite hostname="HMECL-FS73VL3" failures="0" tests="3" name="CheckOut Submit Tests" time="78.55" errors="0" timestamp="1 Apr 2025 10:44:29 GMT">
  <testcase classname="nagarjunPractice.tests.ProdCheckout" name="checkoutProd" time="21.8"/>
  <testcase classname="nagarjunPractice.tests.ProdCheckout" name="checkoutProd" time="21.818"/>
  <testcase classname="nagarjunPractice.tests.ProdCheckout" name="OrderHistoryTest" time="3.439"/>
</testsuite> <!-- CheckOut Submit Tests -->
