<?xml version="1.0" encoding="UTF-8"?>
<!-- Generated by org.testng.reporters.JUnitXMLReporter -->
<testsuite hostname="HMECL-FS73VL3" failures="0" tests="3" name="CheckOut Submit Tests" time="62.233" errors="0" timestamp="2 Apr 2025 04:34:58 GMT">
  <testcase classname="nagarjunPractice.tests.ProdCheckout" name="checkoutProd" time="24.866"/>
  <testcase classname="nagarjunPractice.tests.ProdCheckout" name="checkoutProd" time="21.593"/>
  <testcase classname="nagarjunPractice.tests.ProdCheckout" name="OrderHistoryTest" time="3.434"/>
</testsuite> <!-- CheckOut Submit Tests -->
