<?xml version="1.0" encoding="UTF-8"?>
<testng-results total="2" passed="2" failed="0" skipped="0">
  <reporter-output>
  </reporter-output>
  <suite started-at="2025-03-25T05:31:05Z" name="Suite" finished-at="2025-03-25T05:32:14Z" duration-ms="68385">
    <groups>
      <group name="checkout">
        <method signature="ProdCheckout.checkoutProd(java.util.HashMap)[pri:0, instance:nagarjunPractice.tests.ProdCheckout@7d9d0818]" name="checkoutProd" class="nagarjunPractice.tests.ProdCheckout"/>
      </group> <!-- checkout -->
    </groups>
    <test started-at="2025-03-25T05:31:05Z" name="CheckOut Submit Tests" finished-at="2025-03-25T05:32:14Z" duration-ms="68361">
      <class name="nagarjunPractice.tests.ProdCheckout">
        <test-method is-config="true" signature="launchApplication()[pri:0, instance:nagarjunPractice.tests.ProdCheckout@7d9d0818]" started-at="2025-03-25T11:01:06Z" name="launchApplication" finished-at="2025-03-25T11:01:15Z" duration-ms="9443" status="PASS">
          <reporter-output>
          </reporter-output>
        </test-method> <!-- launchApplication -->
        <test-method signature="checkoutProd(java.util.HashMap)[pri:0, instance:nagarjunPractice.tests.ProdCheckout@7d9d0818]" started-at="2025-03-25T11:01:15Z" name="checkoutProd" data-provider="getDataByJson" finished-at="2025-03-25T11:01:37Z" duration-ms="22242" status="PASS">
          <params>
            <param index="0">
              <value>
                <![CDATA[{password=Nagarjun@123, product=ZARA COAT 3, email=nagarjunPratice@gmail.com}]]>
              </value>
            </param>
          </params>
          <reporter-output>
          </reporter-output>
        </test-method> <!-- checkoutProd -->
        <test-method is-config="true" signature="tearDown()[pri:0, instance:nagarjunPractice.tests.ProdCheckout@7d9d0818]" started-at="2025-03-25T11:01:37Z" name="tearDown" finished-at="2025-03-25T11:01:37Z" duration-ms="250" status="PASS">
          <reporter-output>
          </reporter-output>
        </test-method> <!-- tearDown -->
        <test-method is-config="true" signature="launchApplication()[pri:0, instance:nagarjunPractice.tests.ProdCheckout@7d9d0818]" started-at="2025-03-25T11:01:37Z" name="launchApplication" finished-at="2025-03-25T11:01:52Z" duration-ms="14080" status="PASS">
          <reporter-output>
          </reporter-output>
        </test-method> <!-- launchApplication -->
        <test-method signature="checkoutProd(java.util.HashMap)[pri:0, instance:nagarjunPractice.tests.ProdCheckout@7d9d0818]" started-at="2025-03-25T11:01:52Z" name="checkoutProd" data-provider="getDataByJson" finished-at="2025-03-25T11:02:13Z" duration-ms="21870" status="PASS">
          <params>
            <param index="0">
              <value>
                <![CDATA[{password=Arjun@123, product=ADIDAS ORIGINAL, email=arjun01@gmail.com}]]>
              </value>
            </param>
          </params>
          <reporter-output>
          </reporter-output>
        </test-method> <!-- checkoutProd -->
        <test-method is-config="true" signature="tearDown()[pri:0, instance:nagarjunPractice.tests.ProdCheckout@7d9d0818]" started-at="2025-03-25T11:02:13Z" name="tearDown" finished-at="2025-03-25T11:02:14Z" duration-ms="254" status="PASS">
          <reporter-output>
          </reporter-output>
        </test-method> <!-- tearDown -->
      </class> <!-- nagarjunPractice.tests.ProdCheckout -->
    </test> <!-- CheckOut Submit Tests -->
    <test started-at="2025-03-25T05:32:14Z" name="Error Verification Tests" finished-at="2025-03-25T05:32:14Z" duration-ms="0">
    </test> <!-- Error Verification Tests -->
  </suite> <!-- Suite -->
</testng-results>
