<?xml version="1.0" encoding="UTF-8"?>
<testng-results total="3" passed="3" failed="0" skipped="0">
  <reporter-output>
  </reporter-output>
  <suite started-at="2025-03-27T09:07:17Z" name="Default suite" finished-at="2025-03-27T09:08:07Z" duration-ms="50673">
    <groups>
      <group name="checkout">
        <method signature="ProdCheckout.checkoutProd(java.util.HashMap)[pri:0, instance:nagarjunPractice.tests.ProdCheckout@6cce16f4]" name="checkoutProd" class="nagarjunPractice.tests.ProdCheckout"/>
      </group> <!-- checkout -->
    </groups>
    <test started-at="2025-03-27T09:07:17Z" name="Default test" finished-at="2025-03-27T09:08:07Z" duration-ms="50673">
      <class name="nagarjunPractice.tests.ProdCheckout">
        <test-method is-config="true" signature="launchApplication()[pri:0, instance:nagarjunPractice.tests.ProdCheckout@6cce16f4]" started-at="2025-03-27T14:37:17Z" name="launchApplication" finished-at="2025-03-27T14:37:21Z" duration-ms="3907" status="PASS">
          <reporter-output>
          </reporter-output>
        </test-method> <!-- launchApplication -->
        <test-method signature="checkoutProd(java.util.HashMap)[pri:0, instance:nagarjunPractice.tests.ProdCheckout@6cce16f4]" started-at="2025-03-27T14:37:21Z" name="checkoutProd" data-provider="getDataByJson" finished-at="2025-03-27T14:37:43Z" duration-ms="21805" status="PASS">
          <params>
            <param index="0">
              <value>
                <![CDATA[{password=Nagarjun@123, product=ZARA COAT 3, email=nagarjunPratice@gmail.com}]]>
              </value>
            </param>
          </params>
          <reporter-output>
          </reporter-output>
        </test-method> <!-- checkoutProd -->
        <test-method is-config="true" signature="tearDown()[pri:0, instance:nagarjunPractice.tests.ProdCheckout@6cce16f4]" started-at="2025-03-27T14:37:43Z" name="tearDown" finished-at="2025-03-27T14:37:43Z" duration-ms="237" status="PASS">
          <reporter-output>
          </reporter-output>
        </test-method> <!-- tearDown -->
        <test-method is-config="true" signature="launchApplication()[pri:0, instance:nagarjunPractice.tests.ProdCheckout@6cce16f4]" started-at="2025-03-27T14:37:43Z" name="launchApplication" finished-at="2025-03-27T14:37:46Z" duration-ms="2712" status="PASS">
          <reporter-output>
          </reporter-output>
        </test-method> <!-- launchApplication -->
        <test-method signature="checkoutProd(java.util.HashMap)[pri:0, instance:nagarjunPractice.tests.ProdCheckout@6cce16f4]" started-at="2025-03-27T14:37:46Z" name="checkoutProd" data-provider="getDataByJson" finished-at="2025-03-27T14:38:01Z" duration-ms="15295" status="PASS">
          <params>
            <param index="0">
              <value>
                <![CDATA[{password=Arjun@123, product=ADIDAS ORIGINAL, email=arjun01@gmail.com}]]>
              </value>
            </param>
          </params>
          <reporter-output>
          </reporter-output>
        </test-method> <!-- checkoutProd -->
        <test-method is-config="true" signature="tearDown()[pri:0, instance:nagarjunPractice.tests.ProdCheckout@6cce16f4]" started-at="2025-03-27T14:38:01Z" name="tearDown" finished-at="2025-03-27T14:38:01Z" duration-ms="223" status="PASS">
          <reporter-output>
          </reporter-output>
        </test-method> <!-- tearDown -->
        <test-method is-config="true" signature="launchApplication()[pri:0, instance:nagarjunPractice.tests.ProdCheckout@6cce16f4]" started-at="2025-03-27T14:38:01Z" name="launchApplication" finished-at="2025-03-27T14:38:04Z" duration-ms="2545" status="PASS">
          <reporter-output>
          </reporter-output>
        </test-method> <!-- launchApplication -->
        <test-method signature="OrderHistoryTest()[pri:0, instance:nagarjunPractice.tests.ProdCheckout@6cce16f4]" started-at="2025-03-27T14:38:04Z" name="OrderHistoryTest" finished-at="2025-03-27T14:38:07Z" depends-on-methods="nagarjunPractice.tests.ProdCheckout.checkoutProd" duration-ms="3425" status="PASS">
          <reporter-output>
          </reporter-output>
        </test-method> <!-- OrderHistoryTest -->
        <test-method is-config="true" signature="tearDown()[pri:0, instance:nagarjunPractice.tests.ProdCheckout@6cce16f4]" started-at="2025-03-27T14:38:07Z" name="tearDown" finished-at="2025-03-27T14:38:07Z" duration-ms="218" status="PASS">
          <reporter-output>
          </reporter-output>
        </test-method> <!-- tearDown -->
      </class> <!-- nagarjunPractice.tests.ProdCheckout -->
    </test> <!-- Default test -->
  </suite> <!-- Default suite -->
</testng-results>
